cpanm (App::cpanminus) 1.7040 on perl 5.026001 built for x86_64-linux-gnu-thread-multi
Work directory is /home/pronoor/gitprep/setup/work/1577253844.21884
You have make /usr/bin/make
You have /usr/bin/wget
You have /bin/tar: tar (GNU tar) 1.29
Copyright (C) 2015 Free Software Foundation, Inc.
License GPLv3+: GNU GPL version 3 or later <http://gnu.org/licenses/gpl.html>.
This is free software: you are free to change and redistribute it.
There is NO WARRANTY, to the extent permitted by law.

Written by John Gilmore and Jay Fenlason.
You have /usr/bin/unzip
Searching Module::CoreList () on cpanmetadb ...
--> Working on Module::CoreList
Fetching http://www.cpan.org/authors/id/B/BI/BINGOS/Module-CoreList-5.20191220.tar.gz
-> OK
Unpacking Module-CoreList-5.20191220.tar.gz
Entering Module-CoreList-5.20191220
Checking configure dependencies from META.json
Checking if you have ExtUtils::MakeMaker 6.58 ... Yes (7.24)
Configuring Module-CoreList-5.20191220
Running Makefile.PL
Checking if your kit is complete...
Looks good
Generating a Unix-style Makefile
Writing Makefile for Module::CoreList
Writing MYMETA.yml and MYMETA.json
-> OK
Checking dependencies from MYMETA.json ...
Checking if you have ExtUtils::MakeMaker 0 ... Yes (7.24)
Checking if you have version 0.88 ... Yes (0.9917)
Checking if you have Test::More 0 ... Yes (1.302073)
Checking if you have List::Util 0 ... Yes (1.46_02)
Building Module-CoreList-5.20191220
cp lib/Module/CoreList.pod blib/lib/Module/CoreList.pod
cp lib/Module/CoreList/Utils.pm blib/lib/Module/CoreList/Utils.pm
cp lib/Module/CoreList.pm blib/lib/Module/CoreList.pm
cp corelist blib/script/corelist
"/usr/bin/perl" -MExtUtils::MY -e 'MY->fixin(shift)' -- blib/script/corelist
Manifying 1 pod document
Manifying 2 pod documents
Manifying 1 pod document
Manifying 2 pod documents
Installing /home/pronoor/gitprep/extlib/lib/perl5/Module/CoreList.pod
Installing /home/pronoor/gitprep/extlib/lib/perl5/Module/CoreList.pm
Installing /home/pronoor/gitprep/extlib/lib/perl5/Module/CoreList/Utils.pm
Installing /home/pronoor/gitprep/extlib/man/man1/corelist.1p
Installing /home/pronoor/gitprep/extlib/man/man3/Module::CoreList::Utils.3pm
Installing /home/pronoor/gitprep/extlib/man/man3/Module::CoreList.3pm
Installing /home/pronoor/gitprep/extlib/bin/corelist
Appending installation info to /home/pronoor/gitprep/extlib/lib/perl5/x86_64-linux-gnu-thread-multi/perllocal.pod
-> OK
Successfully installed Module-CoreList-5.20191220 (upgraded from 5.20170922_26)
Installing /home/pronoor/gitprep/extlib/lib/perl5/x86_64-linux-gnu-thread-multi/.meta/Module-CoreList-5.20191220/MYMETA.json
Installing /home/pronoor/gitprep/extlib/lib/perl5/x86_64-linux-gnu-thread-multi/.meta/Module-CoreList-5.20191220/install.json
1 distribution installed
